[2023-03-07T11:18:26.098313+00:00] blog.ERROR: Cannot resolve type: CreateUserCommand {"exception":"[object] (GeekBrains\\LevelTwo\\Blog\\Exceptions\\NotFoundException(code: 0): Cannot resolve type: CreateUserCommand at /Users/denis/Downloads/GEEK_BRAINS/PHP_2/6_new/src/Blog/Container/DIContainer.php:37)"} []
[2023-03-07T12:29:17.600564+00:00] blog.ERROR: Cannot resolve type: CreateUserCommand {"exception":"[object] (GeekBrains\\LevelTwo\\Blog\\Exceptions\\NotFoundException(code: 0): Cannot resolve type: CreateUserCommand at /Users/denis/Downloads/GEEK_BRAINS/PHP_2/6_new/src/Blog/Container/DIContainer.php:37)"} []
[2023-03-07T12:43:25.953644+00:00] blog.ERROR: Cannot resolve type: CreateUserCommand {"exception":"[object] (GeekBrains\\LevelTwo\\Blog\\Exceptions\\NotFoundException(code: 0): Cannot resolve type: CreateUserCommand at /Users/denis/Downloads/GEEK_BRAINS/PHP_2/6_new/src/Blog/Container/DIContainer.php:37)"} []
[2023-03-07T14:29:18.354253+00:00] blog.ERROR: Cannot resolve type: CreateUserCommand {"exception":"[object] (GeekBrains\\LevelTwo\\Blog\\Exceptions\\NotFoundException(code: 0): Cannot resolve type: CreateUserCommand at /Users/denis/Downloads/GEEK_BRAINS/PHP_2/6_new/src/Blog/Container/DIContainer.php:37)"} []
[2023-03-07T15:19:02.569187+00:00] blog.ERROR: Cannot resolve type: CreateUserCommand {"exception":"[object] (GeekBrains\\LevelTwo\\Blog\\Exceptions\\NotFoundException(code: 0): Cannot resolve type: CreateUserCommand at /Users/denis/Downloads/GEEK_BRAINS/PHP_2/6_new/src/Blog/Container/DIContainer.php:37)"} []
[2023-03-07T16:24:02.384620+00:00] blog.INFO: Create user command started [] []
[2023-03-07T20:53:26.665889+00:00] blog.INFO: Create user command started [] []
[2023-03-07T20:53:26.679009+00:00] blog.ERROR: User already exists: user123 {"exception":"[object] (GeekBrains\\LevelTwo\\Blog\\Exceptions\\CommandException(code: 0): User already exists: user123 at /Users/denis/Downloads/GEEK_BRAINS/PHP_2/6_new/src/Blog/Commands/CreateUserCommand.php:42)"} []
[2023-03-07T20:53:46.490259+00:00] blog.INFO: Create user command started [] []
[2023-03-07T21:00:10.250820+00:00] blog.INFO: Create user command started [] []
[2023-03-07T21:01:41.228024+00:00] blog.INFO: Create user command started [] []
[2023-03-07T21:01:41.231867+00:00] blog.WARNING: User already exists: user123 [] []
[2023-03-07T21:21:11.951187+00:00] blog.INFO: Post created: c8fa9203-b0a9-44d1-a857-a35daa8dc8ec [] []
[2023-03-07T21:36:35.572889+00:00] blog.INFO: Post created: fee6622f-0a8b-4e09-a123-2afe47719cb9 [] []
[2023-03-07T21:36:50.052272+00:00] blog.INFO: Post created: 22053143-29dc-471a-b665-c3391b48eb4b [] []
[2023-03-07T21:37:36.003166+00:00] blog.INFO: Post created: 01eb0443-5710-4731-a562-ef662e8f99ef [] []
[2023-03-07T21:44:34.446441+00:00] blog.INFO: Post created: 139ab0f5-5b1f-4564-bb3a-3a0d4d8c711f [] []
[2023-03-07T21:52:38.152667+00:00] blog.INFO: Post created: a10996b9-a41a-4dbf-9000-fa397b7050c4 [] []
[2023-03-07T22:12:32.673128+00:00] blog.INFO: Post created: 79f6b88b-b748-48ff-b8a1-511d9e0ec65b [] []
[2023-03-07T22:16:00.687403+00:00] blog.INFO: Post created: fd0de4a0-05f0-4f0c-9388-5b3fe1c1e609 [] []
[2023-03-07T22:18:45.079567+00:00] blog.INFO: Post created: 82d8b811-6aeb-48f8-87fc-743b548f7e56 [] []
[2023-03-07T22:18:56.003493+00:00] blog.INFO: Post created: 113298cf-5fba-4223-a5ef-4d913ad14750 [] []
[2023-03-07T22:19:50.059533+00:00] blog.INFO: Post created: 5204600a-3ae1-4004-a8eb-e2ecbc546aed [] []
[2023-03-07T22:23:00.485771+00:00] blog.INFO: Post created: 73694a02-a623-4843-9d89-891a2493f812 [] []
[2023-03-07T22:23:17.383836+00:00] blog.INFO: Post created: d6ece894-ebae-4781-b4e0-56c83129ee53 [] []
[2023-03-08T15:37:49.169022+00:00] blog.INFO: Create user command started [] []
[2023-03-08T15:37:49.183473+00:00] blog.WARNING: User already exists: user123 [] []
[2023-03-08T20:55:43.777524+00:00] blog.INFO: Post created: a82c5122-4e91-4a5d-96d0-929a6ae496c9 [] []
[2023-03-08T22:48:08.347792+00:00] blog.INFO: Post created: a3e41c17-fb78-475a-a254-4dc65286f82b [] []
[2023-03-08T22:51:30.781507+00:00] blog.INFO: Post created: 804e65d1-d8fe-4fd2-a830-c7fc7f12b3f7 [] []
[2023-03-08T22:55:32.105356+00:00] blog.INFO: Post created: ad69fc5b-f4db-4cf4-97ce-4e7f5af8a0fd [] []
[2023-03-08T22:55:45.747778+00:00] blog.WARNING: Can't create post [] []
[2023-03-08T22:55:45.748416+00:00] blog.INFO: Post created: a8e3dbcd-7571-4b30-bdb3-c7590d985624 [] []
[2023-03-08T22:56:16.974054+00:00] blog.WARNING: Can't create post [] []
[2023-03-08T22:56:16.974506+00:00] blog.INFO: Post created: 18b8fc6f-5ba9-4ba2-92c4-7d689e927962 [] []
[2023-03-08T22:57:17.208848+00:00] blog.WARNING: Can't create post [] []
[2023-03-08T22:57:17.209496+00:00] blog.INFO: Post created: f324becd-d591-44f6-bc7a-22d816eeed33 [] []
[2023-03-08T22:58:46.215686+00:00] blog.WARNING: Can't create post [] []
[2023-03-08T22:58:46.218095+00:00] blog.INFO: Post created: b538cf03-e425-4eb6-96fe-5903bdfc862f [] []
[2023-03-08T23:06:23.517653+00:00] blog.WARNING: Can't create post [] []
[2023-03-08T23:08:09.809177+00:00] blog.WARNING: Can't create post [] []
[2023-03-08T23:09:59.028623+00:00] blog.WARNING: Can't create post [] []
[2023-03-08T23:14:47.608947+00:00] blog.WARNING: Can't create post [] []
[2023-03-08T23:15:24.305255+00:00] blog.WARNING: Can't create post [] []
[2023-03-08T23:15:57.121125+00:00] blog.WARNING: Can't create post [] []
[2023-03-08T23:19:07.361313+00:00] blog.INFO: Post created: 0f86ce53-10bf-4d00-9165-206a2aff45df [] []
[2023-03-08T23:19:35.503128+00:00] blog.INFO: Post created: 6b921ea7-4280-4a3a-996f-83fb30e7c1e6 [] []
[2023-03-08T23:20:02.114889+00:00] blog.WARNING: Can't create post [] []
